0 info it worked if it ends with ok
1 verbose cli [ 'C:\\nodejs\\node.exe',
1 verbose cli   'C:\\nodejs\\node_modules\\npm\\bin\\npm-cli.js',
1 verbose cli   'run',
1 verbose cli   'dev' ]
2 info using npm@3.10.10
3 info using node@v6.9.4
4 verbose run-script [ 'predev', 'dev', 'postdev' ]
5 info lifecycle aizazheng@1.0.1~predev: aizazheng@1.0.1
6 silly lifecycle aizazheng@1.0.1~predev: no script for predev, continuing
7 info lifecycle aizazheng@1.0.1~dev: aizazheng@1.0.1
8 verbose lifecycle aizazheng@1.0.1~dev: unsafe-perm in lifecycle true
9 verbose lifecycle aizazheng@1.0.1~dev: PATH: C:\nodejs\node_modules\npm\bin\node-gyp-bin;F:\0聆歌\aizazheng\node_modules\.bin;C:\Windows\system32;C:\Windows;C:\Windows\System32\Wbem;C:\Windows\System32\WindowsPowerShell\v1.0\;C:\Program Files\Intel\WiFi\bin\;C:\Program Files\Common Files\Intel\WirelessCommon\;C:\Program Files\Intel\OpenCL SDK\2.0\bin\x86;;E:\git\Git\cmd;C:\nodejs\;F:\Program Files\VisualSVN Server\bin;C:\Program Files\TortoiseSVN\bin;C:\Users\Administrator\AppData\Roaming\npm;C:\Users\Administrator\AppData\Local\Android\Sdk\platform-tools;C:\Users\Administrator\AppData\Local\Android\Sdk\tools;C:\Program Files\Common Files\Intel\WirelessCommon\E:\git\Git\bin\;E:\VSCode\Microsoft VS Code\bin;C:\nvm\nvm;C:\nvm\nodejs
10 verbose lifecycle aizazheng@1.0.1~dev: CWD: F:\0聆歌\aizazheng
11 silly lifecycle aizazheng@1.0.1~dev: Args: [ '/d /s /c',
11 silly lifecycle   'cross-env NODE_ENV=online node build/dev-server.js' ]
12 silly lifecycle aizazheng@1.0.1~dev: Returned: code: 3221225786  signal: null
13 info lifecycle aizazheng@1.0.1~dev: Failed to exec dev script
14 verbose stack Error: aizazheng@1.0.1 dev: `cross-env NODE_ENV=online node build/dev-server.js`
14 verbose stack Exit status 3221225786
14 verbose stack     at EventEmitter.<anonymous> (C:\nodejs\node_modules\npm\lib\utils\lifecycle.js:255:16)
14 verbose stack     at emitTwo (events.js:106:13)
14 verbose stack     at EventEmitter.emit (events.js:191:7)
14 verbose stack     at ChildProcess.<anonymous> (C:\nodejs\node_modules\npm\lib\utils\spawn.js:40:14)
14 verbose stack     at emitTwo (events.js:106:13)
14 verbose stack     at ChildProcess.emit (events.js:191:7)
14 verbose stack     at maybeClose (internal/child_process.js:877:16)
14 verbose stack     at Process.ChildProcess._handle.onexit (internal/child_process.js:226:5)
15 verbose pkgid aizazheng@1.0.1
16 verbose cwd F:\0聆歌\aizazheng
17 error Windows_NT 6.1.7601
18 error argv "C:\\nodejs\\node.exe" "C:\\nodejs\\node_modules\\npm\\bin\\npm-cli.js" "run" "dev"
19 error node v6.9.4
20 error npm  v3.10.10
21 error code ELIFECYCLE
22 error aizazheng@1.0.1 dev: `cross-env NODE_ENV=online node build/dev-server.js`
22 error Exit status 3221225786
23 error Failed at the aizazheng@1.0.1 dev script 'cross-env NODE_ENV=online node build/dev-server.js'.
23 error Make sure you have the latest version of node.js and npm installed.
23 error If you do, this is most likely a problem with the aizazheng package,
23 error not with npm itself.
23 error Tell the author that this fails on your system:
23 error     cross-env NODE_ENV=online node build/dev-server.js
23 error You can get information on how to open an issue for this project with:
23 error     npm bugs aizazheng
23 error Or if that isn't available, you can get their info via:
23 error     npm owner ls aizazheng
23 error There is likely additional logging output above.
24 verbose exit [ 1, true ]
